[debug] [2020-12-27T12:46:29.254Z] ----------------------------------------------------------------------
[debug] [2020-12-27T12:46:29.258Z] Command:       C:\Program Files\nodejs\node.exe C:\Users\geetha.arul\AppData\Roaming\npm\node_modules\firebase-tools\lib\bin\firebase.js init
[debug] [2020-12-27T12:46:29.258Z] CLI Version:   9.1.0
[debug] [2020-12-27T12:46:29.259Z] Platform:      win32
[debug] [2020-12-27T12:46:29.259Z] Node Version:  v12.18.4
[debug] [2020-12-27T12:46:29.264Z] Time:          Sun Dec 27 2020 18:16:29 GMT+0530 (India Standard Time)
[debug] [2020-12-27T12:46:29.265Z] ----------------------------------------------------------------------
[debug] [2020-12-27T12:46:29.265Z] 
[debug] [2020-12-27T12:46:29.283Z] > command requires scopes: ["email","openid","https://www.googleapis.com/auth/cloudplatformprojects.readonly","https://www.googleapis.com/auth/firebase","https://www.googleapis.com/auth/cloud-platform"]
[debug] [2020-12-27T12:46:29.286Z] > authorizing via signed-in user
[info] 
     ######## #### ########  ######## ########     ###     ######  ########
     ##        ##  ##     ## ##       ##     ##  ##   ##  ##       ##
     ######    ##  ########  ######   ########  #########  ######  ######
     ##        ##  ##    ##  ##       ##     ## ##     ##       ## ##
     ##       #### ##     ## ######## ########  ##     ##  ######  ########

You're about to initialize a Firebase project in this directory:

  D:\Geetha\Imp\Udemy\Angular_material\angmaterial

[info] 
=== Project Setup
[info] 
[info] First, let's associate this project directory with a Firebase project.
[info] You can create multiple project aliases by running firebase use --add, 
[info] but for now we'll just set up a default project.
[info] 
[debug] [2020-12-27T12:46:36.278Z] >>> HTTP REQUEST GET https://firebase.googleapis.com/v1beta1/projects?pageSize=100  
 
[debug] [2020-12-27T12:46:42.455Z] Server Error. getaddrinfo ENOTFOUND firebase.googleapis.com
[debug] [2020-12-27T12:46:42.466Z] FirebaseError: Server Error. getaddrinfo ENOTFOUND firebase.googleapis.com
    at Request._callback (C:\Users\geetha.arul\AppData\Roaming\npm\node_modules\firebase-tools\lib\api.js:32:31)
    at self.callback (C:\Users\geetha.arul\AppData\Roaming\npm\node_modules\firebase-tools\node_modules\request\request.js:185:22)
    at Request.emit (events.js:315:20)
    at Request.EventEmitter.emit (domain.js:483:12)
    at Request.onRequestError (C:\Users\geetha.arul\AppData\Roaming\npm\node_modules\firebase-tools\node_modules\request\request.js:877:8)
    at ClientRequest.emit (events.js:327:22)
    at ClientRequest.EventEmitter.emit (domain.js:483:12)
    at TLSSocket.socketErrorListener (_http_client.js:426:9)
    at TLSSocket.emit (events.js:315:20)
    at TLSSocket.EventEmitter.emit (domain.js:483:12)
    at emitErrorNT (internal/streams/destroy.js:92:8)
    at emitErrorAndCloseNT (internal/streams/destroy.js:60:3)
    at processTicksAndRejections (internal/process/task_queues.js:84:21)
[error] 
[error] Error: Failed to list Firebase projects. See firebase-debug.log for more info.
